Academic license - for non-commercial use only
Warning: linear constraint 14624 and linear constraint 14625 have the same name "fc_8"
Gurobi Optimizer version 9.5.0 build v9.5.0rc5 (win64)
Thread count: 4 physical cores, 8 logical processors, using up to 8 threads
Optimize a model with 14634 rows, 44458 columns and 698570 nonzeros
Model fingerprint: 0x073822bb
Model has 29824 general constraints
Variable types: 29834 continuous, 14624 integer (14624 binary)
Coefficient statistics:
  Matrix range     [8e-06, 1e+00]
  Objective range  [1e+00, 1e+00]
  Bounds range     [1e+00, 1e+00]
  RHS range        [1e-03, 8e+00]
  GenCon coe range [1e+00, 1e+00]
Presolve removed 8637 rows and 32474 columns
Presolve time: 1.52s
Presolved: 5997 rows, 11984 columns, 21059 nonzeros
Presolved model has 5987 SOS constraint(s)
Variable types: 5997 continuous, 5987 integer (5987 binary)

Root relaxation: objective 5.504499e+03, 408 iterations, 0.02 seconds (0.00 work units)

    Nodes    |    Current Node    |     Objective Bounds      |     Work
 Expl Unexpl |  Obj  Depth IntInf | Incumbent    BestBd   Gap | It/Node Time

     0     0 5504.49914    0    9          - 5504.49914      -     -    1s
     0     0 5504.49914    0    9          - 5504.49914      -     -    1s
     0     2 5504.49914    0    9          - 5504.49914      -     -    2s
  3243  3417 5629.32673  390   10          - 5508.48334      -   2.6    5s
  7153  6651 5577.31243  229    9          - 5508.48334      -   0.8   10s
 11064  9447 5714.11618  698   10          - 5508.48334      -   1.6   15s
 14493 11910 5821.58943 1100   10          - 5508.48334      -   1.7   20s
 19175 14658 6139.80220 1640   10          - 5508.48334      -   1.8   25s
 23514 18708 6758.80030 2141   10          - 5508.48334      -   1.9   30s
 28251 23455 8674.83704 2689    9          - 5508.48334      -   1.8   35s
 33009 28188 5604.64832  339   10          - 5508.48334      -   1.9   40s
 38380 33527 5751.82643  897    9          - 5508.48334      -   2.0   45s
 42341 37021 5910.28003 1315    9          - 5508.48334      -   2.0   50s
 47133 42229 6252.17476 1756    9          - 5508.48334      -   2.0   55s
 52563 47683 6798.49195 2236    8          - 5508.48334      -   2.0   60s
 57742 52847 8610.99920 2676    9          - 5508.48334      -   2.0   65s
 63288 58229 5598.71151  304    9          - 5508.48334      -   1.9   70s
 68376 63239 5742.83145  837   10          - 5508.48334      -   2.0   75s
 72268 66918 5848.90324 1199    8          - 5508.48334      -   2.0   80s
 77508 72364 6166.84608 1660    8          - 5508.48334      -   2.0   85s
 82530 77337 6779.84386 2099    9          - 5508.48334      -   2.0   90s
 87269 82198 7775.91707 2504    9          - 5508.48334      -   2.0   95s
 91516 86265 5551.44792  169    9          - 5508.48334      -   2.0  100s
 96554 91278 5735.35904  719    9          - 5508.48334      -   2.0  105s
 101178 95900 5847.34095 1182    9          - 5508.48334      -   2.0  110s
 105000 99729 6048.12833 1567    9          - 5508.48334      -   2.0  115s
 109847 104488 6562.43734 2022    9          - 5508.48334      -   2.0  120s
 114102 108480 7946.33299 2381   10          - 5508.48334      -   2.0  125s
 118131 112702 5522.00215   58    9          - 5508.48334      -   2.1  130s
 122835 117355 5651.58426  557   10          - 5508.48334      -   2.1  135s
 127055 121572 5819.27965  983    9          - 5508.48334      -   2.1  140s
 130068 124685 5952.36358 1261    9          - 5508.48334      -   2.1  145s
 134613 129197 6170.41287 1694    9          - 5508.48334      -   2.1  150s
 138062 132627 6516.72615 2020    9          - 5508.48334      -   2.1  155s
 141545 135716 7076.94034 2334    9          - 5508.48334      -   2.1  160s
 143114 137671 8240.18220 2465    9          - 5508.48334      -   2.1  165s
 144997 139522 17360.3307 2604    9          - 5508.48334      -   2.1  171s
 146372 140910 258066.469 2693    9          - 5508.48334      -   2.1  175s
 148346 142832 5573.08768  212    9          - 5508.48334      -   2.1  181s
 149876 144308 5615.49684  373    9          - 5508.48334      -   2.1  185s
 151842 146288 5660.83758  568    9          - 5508.48334      -   2.1  190s
 153837 148283 5725.69494  781   10          - 5508.48334      -   2.1  196s
 155321 149733 5810.81468  926   10          - 5508.48334      -   2.1  201s
 156805 151243 5872.59393 1065    8          - 5508.48334      -   2.1  205s
 158789 153198 5960.64893 1273    9          - 5508.48334      -   2.1  211s
 160261 154692 6029.27127 1412   10          - 5508.48334      -   2.1  216s
 161760 155829 6111.12170 1546    9          - 5508.48334      -   2.1  221s
 162922 157369 6167.70207 1640    9          - 5508.48334      -   2.1  226s
 164952 159385 6299.94021 1826    9          - 5508.48334      -   2.1  230s
 166944 161368 6561.47200 2028    9          - 5508.48334      -   2.1  236s
 167936 162373 6649.11445 2119    9          - 5508.48334      -   2.1  240s
 169402 163805 6827.09876 2238    9          - 5508.48334      -   2.1  245s
 170838 165267 7136.16432 2362    9          - 5508.48334      -   2.1  250s
 172337 166718 7738.77327 2487    9          - 5508.48334      -   2.1  255s
 173684 168086 11605.1415 2589    9          - 5508.48334      -   2.1  260s
 175094 169477 62273.4723 2693    9          - 5508.48334      -   2.1  266s
 176569 170929 5560.05009  164    9          - 5508.48334      -   2.1  270s
 177626 171983 5598.71151  277    9          - 5508.48334      -   2.1  276s
 178633 172964 5615.49684  385    9          - 5508.48334      -   2.1  280s
 180102 174446 5651.58426  537   10          - 5508.48334      -   2.1  285s
 181576 175911 5706.47249  689    9          - 5508.48334      -   2.1  291s
 182975 177237 5746.22521  838   10          - 5508.48334      -   2.1  296s
 184320 178620 5819.29264  977   10          - 5508.48334      -   2.1  301s
 185192 179525 5865.12866 1066    9          - 5508.48334      -   2.1  305s
 186597 180860 5929.04474 1213   10          - 5508.48334      -   2.1  311s
 187485 181800 5971.27575 1305    9          - 5508.48334      -   2.1  316s
 188414 182712 6004.46438 1388   10          - 5508.48334      -   2.1  320s
 189806 184119 6064.33245 1516    9          - 5508.48334      -   2.1  326s
 190727 185047 6117.19683 1606    9          - 5508.48334      -   2.1  330s
 191659 186010 6168.31865 1690    9          - 5508.48334      -   2.1  335s
 192618 186528 6267.40805 1782    9          - 5508.48334      -   2.1  341s
 193166 187465 6329.92202 1828    9          - 5508.48334      -   2.1  345s
 194601 188897 6502.47371 1976    9          - 5508.48334      -   2.1  351s
 195556 189853 6613.22358 2053    9          - 5508.48334      -   2.1  356s
 196509 190811 6721.28845 2150    9          - 5508.48334      -   2.1  361s
 197451 191768 6859.62189 2234    9          - 5508.48334      -   2.1  365s
 198399 192730 7116.65932 2316    9          - 5508.48334      -   2.1  370s
 199854 194159 8077.84336 2445    9          - 5508.48334      -   2.1  376s
 200780 195081 9708.93826 2529    9          - 5508.48334      -   2.1  381s
 201723 195999 10785.0725 2607    9          - 5508.48334      -   2.1  385s
 202697 196886 5533.67288   88    9          - 5508.48334      -   2.1  390s
 204107 198267 5580.21060  237    9          - 5508.48334      -   2.1  396s
 205032 199204 5606.26411  337    9          - 5508.48334      -   2.1  400s
 205974 200159 5618.21887  440    9          - 5508.48334      -   2.1  405s
 207381 201589 5652.05496  584    9          - 5508.48334      -   2.1  412s
 208357 202138 5682.60818  679   10          - 5508.48334      -   2.1  418s
 208434 202601 5682.38650  686   10          - 5508.48334      -   2.1  421s
 209414 203562 5727.22349  785   10          - 5508.48334      -   2.1  426s
 210400 204555 5757.47793  884    9          - 5508.48334      -   2.1  431s
 211413 205576 5788.67232  986    9          - 5508.48334      -   2.1  436s
 211922 206088 5814.54710 1040    9          - 5508.48334      -   2.1  440s
 212944 207111 5861.97026 1149    9          - 5508.48334      -   2.1  448s
 213457 207629 5878.15403 1199    9          - 5508.48334      -   2.1  453s
 213975 208136 5883.48664 1258   10          - 5508.48334      -   2.1  458s
 214482 208629 5897.06261 1314    9          - 5508.48334      -   2.1  462s
 214975 209134 5921.73693 1357    9          - 5508.48334      -   2.1  467s
 215480 209629 5937.08614 1401    9          - 5508.48334      -   2.1  472s
 215975 210123 5962.56756 1453   10          - 5508.48334      -   2.1  477s
 216469 210618 5993.01880 1507    9          - 5508.48334      -   2.1  481s
 216964 211104 6037.58861 1553    8          - 5508.48334      -   2.1  486s
 217450 211586 6071.29116 1602    9          - 5508.48334      -   2.1  491s
 217932 212059 6114.61544 1657    9          - 5508.48334      -   2.1  496s
 218405 212538 6126.23269 1702    9          - 5508.48334      -   2.1  500s
 218884 212993 6156.16340 1745    9          - 5508.48334      -   2.1  506s
 219339 213444 6175.47991 1779    9          - 5508.48334      -   2.1  511s
 219790 213919 6194.55036 1826    9          - 5508.48334      -   2.1  516s
 220265 214394 6236.22892 1856    9          - 5508.48334      -   2.1  521s
 220740 214888 6245.81236 1899    9          - 5508.48334      -   2.1  527s
 221234 215363 6321.44817 1947    9          - 5508.48334      -   2.1  531s
 221709 215839 6353.77384 1994    9          - 5508.48334      -   2.1  536s
 222185 216324 6385.06682 2042    9          - 5508.48334      -   2.1  542s
 222670 216765 6404.98840 2087    9          - 5508.48334      -   2.1  547s
 223111 217238 6421.93943 2125    9          - 5508.48334      -   2.1  552s
 223584 217702 6507.42904 2168    9          - 5508.48334      -   2.1  558s
 224048 218157 6572.02270 2206    9          - 5508.48334      -   2.1  564s
 224503 218655 6586.51525 2253    9          - 5508.48334      -   2.1  569s
 225001 219140 6646.99434 2299    9          - 5508.48334      -   2.1  573s
 225486 219603 6690.85741 2346   10          - 5508.48334      -   2.1  576s
 225949 220081 6767.02989 2391    9          - 5508.48334      -   2.1  581s
 226427 220566 6880.08960 2434    9          - 5508.48334      -   2.1  587s
 226912 221051 6954.26806 2481    9          - 5508.48334      -   2.1  592s
 227397 221553 7090.42678 2522    9          - 5508.48334      -   2.1  598s
 227899 222020 7193.10325 2561    9          - 5508.48334      -   2.1  603s
 228366 222153 7365.45533 2602    9          - 5508.48334      -   2.1  611s
 228499 222643 7365.45533 2603    9          - 5508.48334      -   2.1  616s
 228989 223134 7823.32164 2638    9          - 5508.48334      -   2.1  622s
 229480 223596 7862.41066 2689    9          - 5508.48334      -   2.1  627s
 229942 224044 7952.05229 2708    9          - 5508.48334      -   2.1  632s
 230390 224527 8892.79671 2736    9          - 5508.48334      -   2.1  637s
 230873 225033 9174.69582 2757    9          - 5508.48334      -   2.1  640s
 231848 225982 12801.5248 2816    9          - 5508.48334      -   2.1  645s
 232802 226817 44974.0325 2896    9          - 5513.97571      -   2.1  652s
 233307 227558 5518.22634   61    9          - 5513.97571      -   2.1  656s
 234048 228274 5551.44792  141    9          - 5513.97571      -   2.1  660s
 235497 229730 5599.37691  304    9          - 5513.97571      -   2.1  668s
 236220 230463 5615.36237  382    9          - 5513.97571      -   2.1  674s
 236953 231192 5625.68745  463    9          - 5513.97571      -   2.1  678s
 237682 231920 5650.42819  537    9          - 5513.97571      -   2.1  683s
 238410 232613 5661.66043  608    9          - 5513.97571      -   2.1  689s
 239151 233350 5682.60818  689   10          - 5513.97571      -   2.1  693s
 239888 234081 5727.22349  760   10          - 5513.97571      -   2.1  698s
 240619 234817 5752.87387  836   10          - 5513.97571      -   2.1  704s
 241355 235548 5765.05030  915   10          - 5513.97571      -   2.1  708s
 242086 236277 5788.67232  992    9          - 5513.97571      -   2.1  713s
 242815 237000 5824.16753 1068    9          - 5513.97571      -   2.1  718s
 243538 237299 5861.97026 1143    9          - 5513.97571      -   2.1  721s
 243837 238059 5861.97026 1145    9          - 5513.97571      -   2.1  726s
 244597 238793 5880.32108 1225    9          - 5513.97571      -   2.1  731s
 245331 239534 5897.06261 1304    9          - 5513.97571      -   2.1  735s
 246072 240274 5930.56025 1373    9          - 5513.97571      -   2.1  740s
 246812 241017 5962.56756 1448   10          - 5513.97571      -   2.1  745s
 247555 241756 6022.23777 1520    9          - 5513.97571      -   2.1  750s
 248294 242455 6071.29116 1598    9          - 5513.97571      -   2.1  755s
 248993 243187 6125.76217 1664    9          - 5513.97571      -   2.1  760s
 250415 244565 6192.70706 1801    9          - 5513.97571      -   2.1  769s
 251103 245303 6236.22892 1859    9          - 5513.97571      -   2.1  774s
 251841 245526 6279.98560 1923    9          - 5513.97571      -   2.1  780s
 252799 247017 6358.38199 2000    9          - 5513.97571      -   2.1  789s
 253555 247743 6404.98840 2071    9          - 5513.97571      -   2.1  795s
 254281 248489 6436.75670 2149    9          - 5513.97571      -   2.1  802s
 255027 249244 6572.02270 2226    9          - 5513.97571      -   2.1  809s
 255782 249994 6646.99434 2296    9          - 5513.97571      -   2.1  814s
 256532 250742 6716.69714 2369   10          - 5513.97571      -   2.1  823s
 257280 251461 6890.42030 2424    9          - 5513.97571      -   2.1  833s
 257999 252204 7090.42678 2491    9          - 5513.97571      -   2.1  840s
 258742 252919 7183.71949 2558    9          - 5513.97571      -   2.1  847s
 259457 253653 7650.43969 2614    9          - 5513.97571      -   2.1  852s
 260191 254355 7862.41066 2675    9          - 5513.97571      -   2.1  857s
 260893 255091 8440.21323 2718    9          - 5513.97571      -   2.0  863s
 261629 255778 9174.69582 2745    9          - 5513.97571      -   2.0  868s
 262316 256484 12245.0828 2793    9          - 5513.97571      -   2.0  874s
 263022 257086 16236.3802 2856    9          - 5513.97571      -   2.0  879s
 263768 257802 5518.22634   37    9          - 5513.97571      -   2.0  885s
 264484 258514 5543.80455  119    9          - 5513.97571      -   2.0  893s
 265196 259222 5565.15301  198    9          - 5513.97571      -   2.1  900s
 265904 259950 5594.50485  276    9          - 5513.97571      -   2.1  907s
 266632 260673 5612.07223  349    9          - 5513.97571      -   2.1  913s
 267355 260937 5618.21887  430    9          - 5513.97571      -   2.1  919s
 267619 261682 5643.21981  499    9          - 5513.97571      -   2.1  927s
 268364 262399 5652.05496  580    9          - 5513.97571      -   2.1  937s
 269129 263135 5673.43115  646    9          - 5513.97571      -   2.1  945s
 269865 263730 5703.79376  726   10          - 5513.97571      -   2.1  952s
 270460 264467 5732.40097  785   10          - 5513.97571      -   2.1  958s
 271197 265153 5757.32955  861    9          - 5513.97571      -   2.1  963s
 271883 265843 5775.13673  929    9          - 5513.97571      -   2.1  968s
 272573 266467 5782.34512  999   10          - 5513.97571      -   2.1  974s
 273197 267217 5796.10072 1065    9          - 5513.97571      -   2.1  979s
 273947 267847 5808.64990 1138   10          - 5513.97571      -   2.1  985s
 274577 268567 5814.48540 1190   10          - 5513.97571      -   2.1  992s
 275297 269315 5838.79398 1256   10          - 5513.97571      -   2.1 1003s
 276045 269969 5850.28877 1334   10          - 5513.97571      -   2.1 1014s
 276699 270719 5874.62228 1397   10          - 5513.97571      -   2.1 1025s
 277449 271342 5900.96231 1471    9          - 5513.97571      -   2.1 1037s
 278072 272058 5980.80818 1525    9          - 5513.97571      -   2.1 1048s
 278788 272809 6014.66865 1603    9          - 5513.97571      -   2.1 1060s
 279539 273434 6057.02880 1679    9          - 5513.97571      -   2.1 1071s
 280164 274153 6094.47084 1733   10          - 5513.97571      -   2.1 1083s
 280883 274907 6126.69788 1801    9          - 5513.97571      -   2.1 1095s
 281637 274911 6243.49168 1864    9          - 5513.97571      -   2.1 1111s
 281641 275586 6216.87458 1871   10          - 5513.97571      -   2.1 1122s
 282316 276294 6339.27612 1928    9          - 5513.97571      -   2.1 1133s
 283024 276973 6386.14622 1979    9          - 5513.97571      -   2.1 1142s
 283703 277732 6401.35885 2049    9          - 5513.97571      -   2.1 1149s
 284462 278385 6488.03511 2110    9          - 5513.97571      -   2.1 1159s
 285115 279040 6527.98564 2176    9          - 5513.97571      -   2.1 1166s
 285770 279802 6564.01054 2234   10          - 5513.97571      -   2.1 1178s
 286532 280463 6689.37719 2302    9          - 5513.97571      -   2.1 1190s
 287193 281229 6731.81653 2365    9          - 5513.97571      -   2.1 1202s
 287959 281884 6784.11789 2434    9          - 5513.97571      -   2.1 1214s
 288614 282570 6839.35310 2487    9          - 5513.97571      -   2.1 1225s
 289300 283298 6863.00982 2546   10          - 5513.97571      -   2.1 1237s
 290028 283986 7024.56004 2607    9          - 5513.97571      -   2.0 1249s
 290716 284725 7247.12256 2658    9          - 5513.97571      -   2.0 1261s
 291455 285428 7324.55295 2716    9          - 5513.97571      -   2.0 1272s
 292158 286126 7671.05644 2774    9          - 5513.97571      -   2.0 1284s
 292856 286824 7994.50473 2831    9          - 5513.97571      -   2.0 1296s
 293554 287518 11223.9147 2893    9          - 5513.97571      -   2.0 1308s
 294248 288245 21125.8079 2927    9          - 5513.97571      -   2.0 1320s
 294975 288844 24433.7263 2979    9          - 5513.97571      -   2.0 1332s
 295670 289502 5524.98466   79    9          - 5513.97571      -   2.0 1345s
 296376 290195 5560.05009  152    9          - 5513.97571      -   2.0 1355s
 297069 290890 5573.08768  233    9          - 5513.97571      -   2.0 1363s
 297764 291550 5599.37691  306    9          - 5513.97571      -   2.0 1369s
 298424 292301 5615.36237  370    9          - 5513.97571      -   2.0 1376s
 299175 292992 5625.68745  453    9          - 5513.97571      -   2.0 1383s
 299866 293625 5648.63571  522    9          - 5513.97571      -   2.0 1391s
 300547 294358 5655.14857  583    9          - 5513.97571      -   2.0 1397s
 301280 295047 5682.38650  657   10          - 5513.97571      -   2.1 1405s
 301969 295757 5687.49518  727   10          - 5513.97571      -   2.0 1412s
 302679 296490 5729.02464  794    9          - 5513.97571      -   2.1 1419s
 303412 297221 5757.32955  871    9          - 5513.97571      -   2.1 1426s
 304143 297476 5775.13673  947    9          - 5513.97571      -   2.1 1435s
 304398 298226 5775.13673  947    9          - 5513.97571      -   2.1 1442s
 305148 298900 5786.81701 1019   10          - 5513.97571      -   2.1 1453s
 305822 299588 5797.94664 1082   10          - 5513.97571      -   2.1 1466s
 306510 300316 5810.60800 1151   10          - 5513.97571      -   2.1 1480s
 307238 300985 5823.30165 1219    9          - 5513.97571      -   2.1 1491s
 307907 301706 5840.16228 1278   10          - 5513.97571      -   2.1 1503s
 308628 302469 5856.49035 1344   10          - 5513.97571      -   2.1 1516s
 309391 303203 5878.37665 1409   10          - 5513.97571      -   2.1 1526s
 310125 303937 5911.05700 1481    9          - 5513.97571      -   2.1 1533s
 310859 304609 6006.83722 1551    9          - 5513.97571      -   2.1 1539s
 311531 305337 6019.35554 1620    9          - 5513.97571      -   2.1 1546s
 312259 306034 6063.81207 1691    9          - 5513.97571      -   2.1 1553s
 312956 306752 6099.90589 1756   10          - 5513.97571      -   2.1 1560s
 313674 307507 6177.77327 1816    8          - 5513.97571      -   2.1 1567s
 314429 308273 6243.49168 1893    9          - 5513.97571      -   2.1 1575s
 315195 309030 6356.94809 1960    9          - 5513.97571      -   2.1 1582s
 315952 309772 6396.26559 2019    9          - 5513.97571      -   2.1 1590s
 316694 310524 6466.29869 2096    9          - 5513.97571      -   2.1 1603s
 317446 311280 6490.03844 2162    9          - 5513.97571      -   2.1 1619s
 318202 311976 6557.75266 2232    9          - 5513.97571      -   2.1 1634s
 318898 312371 6656.77653 2296    9          - 5513.97571      -   2.1 1646s
 319293 313132 6678.75344 2289    9          - 5513.97571      -   2.1 1661s
 320054 313895 6789.18701 2354    9          - 5513.97571      -   2.0 1676s
 320817 314641 6829.37716 2418    9          - 5513.97571      -   2.0 1691s
 321563 315396 6898.29834 2488    9          - 5513.97571      -   2.0 1706s
 322318 316151 7028.42005 2554    9          - 5513.97571      -   2.0 1720s
 323073 316903 7172.92581 2612    9          - 5513.97571      -   2.0 1734s
 323825 317647 7569.89618 2680    9          - 5513.97571      -   2.0 1748s
 324569 318393 7804.65063 2732   10          - 5513.97571      -   2.0 1762s
 325315 318398 7987.04022 2793    9          - 5513.97571      -   2.0 1783s
 325320 319115 8580.54190 2785    9          - 5513.97571      -   2.0 1796s
 326037 319834 9804.38095 2852    9          - 5513.97571      -   2.0 1809s
 326756 320557 12594.2146 2904    9          - 5513.97571      -   2.0 1823s
 327479 321204 14725.5014 2950    9          - 5513.97571      -   2.0 1837s
 328208 321871 463260.294 3006    9          - 5513.97571      -   2.0 1850s
 328937 322577 5533.67288   83    9          - 5513.97571      -   2.0 1859s
 329643 323287 5560.05009  162    9          - 5513.97571      -   2.0 1866s
 330353 323988 5580.21060  241    9          - 5513.97571      -   2.0 1874s
 331058 324677 5606.26411  316    9          - 5513.97571      -   2.0 1882s
 331791 325381 5616.05740  393    9          - 5513.97571      -   2.0 1890s
 332495 326096 5632.00898  470    9          - 5513.97571      -   2.0 1902s
 333210 326820 5650.42819  542    9          - 5513.97571      -   2.0 1916s
 333934 327541 5658.44507  613    9          - 5513.97571      -   2.0 1928s
 334655 328232 5682.70534  684   10          - 5513.97571      -   2.0 1942s
 335346 328947 5703.79376  756   10          - 5513.97571      -   2.0 1953s
 336061 329670 5748.21511  824   10          - 5513.97571      -   2.0 1962s
 336784 330383 5760.38953  905    9          - 5513.97571      -   2.0 1970s
 337497 331090 5778.41411  972   10          - 5513.97571      -   2.0 1979s
 338204 331809 5794.13481 1044   10          - 5513.97571      -   2.1 1987s
 338923 332535 5801.15925 1111    9          - 5513.97571      -   2.1 1999s
 339649 333253 5814.41148 1187    9          - 5513.97571      -   2.1 2009s
 340367 333971 5828.88060 1250    9          - 5513.97571      -   2.1 2018s
 341085 334691 5855.62029 1324   10          - 5513.97571      -   2.1 2027s
 341805 335414 5871.64748 1396   10          - 5513.97571      -   2.1 2036s
 342528 336124 5887.20634 1459    9          - 5513.97571      -   2.0 2045s
 343238 336843 5954.06550 1530    9          - 5513.97571      -   2.1 2055s
 343957 337562 6014.66865 1599    9          - 5513.97571      -   2.1 2065s
 344676 338272 6050.19438 1678    9          - 5513.97571      -   2.1 2081s
 345386 338988 6090.75605 1742    9          - 5513.97571      -   2.1 2098s
 346102 339710 6165.86022 1803    9          - 5513.97571      -   2.1 2112s
 346824 340433 6216.87458 1875   10          - 5513.97571      -   2.1 2126s
 347547 341153 6354.59868 1934    9          - 5513.97571      -   2.0 2142s
 348267 341872 6386.14622 1995    9          - 5513.97571      -   2.0 2154s
 348986 342208 6413.87575 2068    9          - 5513.97571      -   2.0 2162s
 349322 342949 6413.87575 2069    9          - 5513.97571      -   2.0 2175s
 350063 343686 6475.39530 2133    9          - 5513.97571      -   2.0 2185s
 350800 344418 6533.51358 2208    9          - 5513.97571      -   2.0 2201s
 351532 345148 6637.77772 2265    9          - 5513.97571      -   2.0 2214s
 352262 345883 6758.38873 2338    9          - 5513.97571      -   2.0 2223s
 352997 346612 6800.46605 2393    9          - 5513.97571      -   2.0 2233s
 353726 347342 6850.92340 2459    9          - 5513.97571      -   2.0 2247s
 354456 348072 6945.20487 2522    9          - 5513.97571      -   2.0 2263s
 355186 348805 7149.79188 2582    9          - 5513.97571      -   2.0 2279s
 355919 349529 7256.39385 2641    9          - 5513.97571      -   2.0 2295s
 356643 350257 7663.55553 2701    9          - 5513.97571      -   2.0 2312s
 357371 350296 7932.36264 2755    9          - 5513.97571      -   2.0 2325s
 357410 351032 7932.36264 2748    9          - 5513.97571      -   2.0 2334s
 358146 351767 8608.82063 2808    9          - 5513.97571      -   2.0 2343s
 358881 352499 10550.6664 2879    9          - 5513.97571      -   2.0 2352s
 359613 353134 13552.8860 2920    9          - 5513.97571      -   2.0 2368s
 360330 353817 32600.1752 2968    9          - 5513.97571      -   2.0 2384s
 361051 354500 infeasible 3027               - 5513.97571      -   2.0 2395s
 361758 355144 5543.80455  104    9          - 5513.97571      -   2.0 2406s
 362402 355751 5563.35783  181    9          - 5513.97571      -   2.0 2415s
 363009 356417 5594.50485  246    9          - 5513.97571      -   2.0 2428s
 363723 357006 5607.58424  321   10          - 5513.97571      -   2.0 2439s
 364312 357717 5624.68555  384   10          - 5513.97571      -   2.0 2449s
 365023 358420 5655.55925  455    9          - 5513.97571      -   2.0 2458s
 365726 359025 5667.26826  536   10          - 5513.97571      -   2.0 2467s
 366331 359746 5690.67210  602    9          - 5513.97571      -   2.0 2476s
 367052 360465 5701.87449  681    9          - 5513.97571      -   2.0 2485s
 367771 361096 5718.50545  752   10          - 5513.97571      -   2.0 2494s
 368402 361817 5730.53565  821   10          - 5513.97571      -   2.0 2503s
 369123 362513 5751.28173  898   10          - 5513.97571      -   2.0 2513s
 369819 363196 5782.28407  971   10          - 5513.97571      -   2.0 2522s
 370502 363898 5812.51923 1040    9          - 5513.97571      -   2.0 2531s
 371204 364540 5857.83858 1112    9          - 5513.97571      -   2.0 2541s
 371846 365286 5877.24320 1178    9          - 5513.97571      -   2.0 2550s
 372592 365980 5883.52828 1257   10          - 5513.97571      -   2.0 2560s
 373286 366655 5917.54151 1327    9          - 5513.97571      -   2.0 2569s
 373961 367365 5934.82499 1384   10          - 5513.97571      -   2.0 2579s
 374671 367544 5953.72949 1459    9          - 5513.97571      -   2.0 2590s
 374850 368256 5946.93255 1467    9          - 5513.97571      -   2.0 2601s
 375562 368931 5979.25062 1533   10          - 5513.97571      -   2.0 2611s
 376237 369674 6014.68791 1603    9          - 5513.97571      -   2.0 2621s
 376980 370372 6088.64489 1674    9          - 5513.97571      -   2.0 2632s
 377678 371074 6123.03903 1749    9          - 5513.97571      -   2.0 2642s
 378380 371789 6236.44677 1799   10          - 5513.97571      -   2.0 2653s
 379095 372496 6263.61526 1847   10          - 5513.97571      -   2.0 2663s
 379802 373207 6328.54155 1920   10          - 5513.97571      -   2.0 2674s
 380513 373897 6403.63902 1985   10          - 5513.97571      -   2.0 2684s
 381203 374613 6452.29741 2052   10          - 5513.97571      -   2.0 2695s
 381919 375322 6571.27533 2124    9          - 5513.97571      -   2.0 2706s
 382628 376056 6646.92633 2203    9          - 5513.97571      -   2.0 2717s
 383362 376764 6861.12531 2274    9          - 5513.97571      -   2.0 2728s
 384070 377489 6968.61733 2342    9          - 5513.97571      -   2.0 2738s
 384795 378188 7103.49378 2414    9          - 5513.97571      -   2.0 2748s
 385494 378873 7341.93274 2477    9          - 5513.97571      -   2.0 2759s
 386179 379565 7544.39480 2537    9          - 5513.97571      -   2.0 2770s
 386871 380268 7847.28124 2597   10          - 5513.97571      -   2.0 2781s
 387574 380944 8166.49512 2644    9          - 5513.97571      -   2.0 2793s
 388250 381152 8519.03163 2691   10          - 5513.97571      -   2.0 2804s
 388458 381877 8519.03163 2692   10          - 5513.97571      -   2.0 2815s
 389183 382634 10341.9425 2750   10          - 5513.97571      -   2.0 2827s
 389940 383354 12868.2025 2828   10          - 5513.97571      -   2.0 2838s
 390708 383989 21851.0863 2872   10          - 5513.97571      -   2.0 2850s
 391445 384681 112323.849 2937   10          - 5513.97571      -   2.0 2860s
 392163 385361 5543.80455  106    9          - 5513.97571      -   2.0 2870s
 392843 386119 5562.83153  180    9          - 5513.97571      -   2.0 2880s
 393601 386829 5582.16597  266    9          - 5513.97571      -   2.0 2891s
 394311 387571 5611.17865  342    9          - 5513.97571      -   2.0 2911s
 395053 388298 5618.21887  427    9          - 5513.97571      -   2.0 2929s
 395780 388995 5633.38568  508    9          - 5513.97571      -   2.0 2944s
 396477 389699 5647.51079  577    9          - 5513.97571      -   2.0 2964s
 397181 390380 5657.89975  657    9          - 5513.97571      -   2.0 2983s
 397862 391089 5664.17498  732    9          - 5513.97571      -   2.0 3000s
 398571 391827 5700.35413  809    9          - 5513.97571      -   2.0 3011s
 399309 392518 5743.92120  881    9          - 5513.97571      -   2.0 3022s
 400000 393264 5760.95960  962   10          - 5513.97571      -   2.0 3033s
 400746 393940 5773.41431 1036   10          - 5513.97571      -   2.0 3044s
 401422 393974 5800.68628 1108   10          - 5513.97571      -   2.0 3060s
 401456 394728 5799.77253 1115   10          - 5513.97571      -   2.0 3071s
 402210 395460 5826.32450 1181    9          - 5513.97571      -   2.0 3082s
 402942 396153 5856.31612 1261    9          - 5513.97571      -   2.0 3092s
 403635 396859 5892.41013 1324    9          - 5513.97571      -   2.0 3103s
 404341 397570 5947.88278 1388    9          - 5513.97571      -   2.0 3115s
 405052 398298 6001.00131 1460    9          - 5513.97571      -   2.0 3126s
 405780 399028 6058.25970 1532   10          - 5513.97571      -   2.0 3137s
 406510 399726 6077.36442 1609   10          - 5513.97571      -   2.0 3148s
 407208 400404 6144.40326 1680   10          - 5513.97571      -   2.0 3159s
 407886 401077 6218.69621 1744    9          - 5513.97571      -   2.0 3170s
 408559 401798 6301.22888 1804    9          - 5513.97571      -   2.0 3182s
 409280 402562 6341.73386 1881    9          - 5513.97571      -   2.0 3193s
 410044 403312 6396.38610 1949    8          - 5513.97571      -   2.0 3205s
 410794 404010 6533.69397 2018    8          - 5513.97571      -   2.0 3216s
 411492 404736 6690.41478 2086   10          - 5513.97571      -   2.0 3228s
 412218 405455 6830.02455 2135    9          - 5513.97571      -   2.0 3239s
 412937 406173 7406.06705 2195    9          - 5513.97571      -   2.0 3251s
 413655 406856 7595.79786 2261    9          - 5513.97571      -   2.0 3263s
 414338 407577 8064.33001 2325    9          - 5513.97571      -   2.0 3274s
 415059 408300 8976.25729 2393    8          - 5513.97571      -   2.0 3286s
 415782 409026 9865.83011 2467    9          - 5513.97571      -   2.0 3297s
 416508 409719 18351.4472 2515    9          - 5513.97571      -   2.0 3309s
 417201 410392 24865.2189 2559    9          - 5513.97571      -   2.0 3320s
 417896 411041 30718.7780 2593    9          - 5513.97571      -   2.0 3332s
 418611 411756 5529.11022   71    9          - 5513.97571      -   2.0 3342s
 419326 411875 5551.44792  152    9          - 5513.97571      -   2.0 3364s
 419445 412599 5560.05009  149    9          - 5513.97571      -   2.0 3374s
 420169 413292 5573.08768  235    9          - 5513.97571      -   2.0 3385s
 420862 414031 5605.93127  305   10          - 5513.97571      -   2.0 3396s
 421601 414758 5620.85572  388   10          - 5513.97571      -   2.0 3407s
 422328 415494 5651.64737  466    9          - 5513.97571      -   2.0 3418s
 423064 416222 5667.95039  546   10          - 5513.97571      -   2.0 3430s
 423792 416977 5694.95840  620    9          - 5513.97571      -   2.0 3441s
 424547 417724 5707.90536  701    9          - 5513.97571      -   2.0 3452s
 425294 418463 5718.64342  782   10          - 5513.97571      -   2.0 3464s
 426033 419187 5739.89227  854   10          - 5513.97571      -   2.0 3474s
 426757 419931 5763.53727  930    9          - 5513.97571      -   2.0 3486s
 427501 420669 5779.39408 1008    9          - 5513.97571      -   2.0 3497s
 428239 421397 5792.77394 1081   10          - 5513.97571      -   2.0 3508s
 428967 422129 5812.93238 1156    9          - 5513.97571      -   2.1 3520s
 429699 422857 5836.83937 1233   10          - 5513.97571      -   2.1 3531s
 430427 423573 5875.95680 1308   10          - 5513.97571      -   2.1 3542s
 431143 424286 5899.41064 1384   10          - 5513.97571      -   2.1 3554s
 431856 425020 5922.48539 1445   10          - 5513.97571      -   2.1 3565s
 432590 425741 5932.82072 1509   10          - 5513.97571      -   2.1 3577s
 433311 426480 5958.35544 1582   10          - 5513.97571      -   2.1 3589s
 434050 427198 5977.84242 1647   10          - 5513.97571      -   2.0 3611s
 434768 427892 5999.71872 1706   10          - 5513.97571      -   2.0 3633s
 435462 428622 6033.77033 1764   10          - 5513.97571      -   2.0 3654s
 436192 429346 6075.81379 1830   10          - 5513.97571      -   2.0 3675s
 436916 430084 6116.16896 1901   10          - 5513.97571      -   2.0 3695s
 437654 430812 6132.32839 1965   10          - 5513.97571      -   2.0 3717s
 438382 431488 6141.60353 2040   10          - 5513.97571      -   2.0 3731s
 439058 432191 6154.84446 2100   10          - 5513.97571      -   2.0 3742s
 439761 432830 6280.27736 2171   10          - 5513.97571      -   2.0 3753s
 440400 432841 6300.73797 2244   10          - 5513.97571      -   2.0 3783s
 440411 433533 6300.73797 2245   10          - 5513.97571      -   2.0 3804s
 441103 434215 6342.18998 2306   10          - 5513.97571      -   2.0 3824s
 441785 434856 6412.77589 2366   10          - 5513.97571      -   2.0 3840s
 442426 435511 6478.50051 2439   10          - 5513.97571      -   2.0 3854s
 443081 436110 6699.67563 2510   10          - 5513.97571      -   2.0 3866s
 443680 436690 7027.50042 2552   10          - 5513.97571      -   2.0 3881s
 444260 437300 7579.07134 2608   10          - 5513.97571      -   2.0 3902s
 444870 437934 8424.11540 2658   10          - 5513.97571      -   2.0 3924s
 445504 438628 11116.1139 2709    8          - 5513.97571      -   2.0 3949s
 446220 439334 13451.8779 2764    8          - 5513.97571      -   2.0 3973s
 446992 440054 5538.08278  105    9          - 5513.97571      -   2.0 3995s
 447712 440781 5565.15301  182    9          - 5513.97571      -   2.0 4011s
 448439 441462 5594.50485  268    9          - 5513.97571      -   2.0 4024s
 449120 442198 5614.29524  338   10          - 5513.97571      -   2.0 4037s
 449856 442921 5629.88961  417   10          - 5513.97571      -   2.0 4049s
 450579 443650 5658.47169  497    9          - 5513.97571      -   2.0 4060s
 451308 444392 5682.93729  576    9          - 5513.97571      -   2.0 4072s
 452050 445143 5695.48808  656    9          - 5513.97571      -   2.1 4084s
 452801 445895 5708.79980  732   10          - 5513.97571      -   2.0 4096s
 453553 446628 5726.03199  811   10          - 5513.97571      -   2.0 4116s
 454286 447355 5752.91921  881    9          - 5513.97571      -   2.0 4139s
 455013 448096 5773.35414  957    9          - 5513.97571      -   2.1 4157s
 455754 448827 5785.84633 1035    9          - 5513.97571      -   2.1 4176s
 456485 449553 5803.31760 1105   10          - 5513.97571      -   2.1 4192s
 457211 450285 5831.13013 1181    9          - 5513.97571      -   2.1 4204s
 457943 451009 5838.17563 1264    9          - 5513.97571      -   2.1 4224s
 458667 451734 5878.23334 1338   10          - 5513.97571      -   2.1 4244s
 459392 452446 5912.05510 1404    9          - 5513.97571      -   2.1 4258s
 460104 452451 5924.43919 1472   10          - 5513.97571      -   2.1 4306s
 460109 453190 5924.43919 1472   10          - 5513.97571      -   2.1 4316s
 460848 453929 5935.89759 1537   10          - 5513.97571      -   2.1 4326s
 461587 454663 5961.49906 1612   10          - 5513.97571      -   2.1 4337s
 462321 455388 5983.75019 1655   10          - 5513.97571      -   2.1 4347s
 463046 456069 6012.06496 1728   10          - 5513.97571      -   2.1 4357s
 463727 456798 6049.03602 1778   10          - 5513.97571      -   2.0 4367s
 464456 457526 6090.68778 1858   10          - 5513.97571      -   2.0 4375s
 465184 458263 6117.76885 1928   10          - 5513.97571      -   2.0 4385s
 465921 458996 6132.34065 1995   10          - 5513.97571      -   2.0 4394s
 466654 459723 6149.12149 2066   10          - 5513.97571      -   2.0 4404s
 467381 460411 6168.76923 2132   10          - 5513.97571      -   2.0 4414s
 468069 461100 6289.44561 2190   10          - 5513.97571      -   2.0 4425s
 468758 461793 6314.01200 2265   10          - 5513.97571      -   2.0 4435s
 469451 462527 6342.61798 2324   10          - 5513.97571      -   2.0 4445s
 470185 463254 6417.94454 2398   10          - 5513.97571      -   2.0 4455s
 470912 463944 6667.03355 2471   10          - 5513.97571      -   2.0 4465s
 471602 464541 6905.32522 2530   10          - 5513.97571      -   2.0 4475s
 472199 465161 7080.32139 2584   10          - 5513.97571      -   2.0 4484s
 472819 465767 8132.95230 2638   10          - 5513.97571      -   2.0 4494s
 473425 466480 10758.8464 2683    8          - 5513.97571      -   2.0 4505s
 474138 467146 12094.6261 2744    8          - 5513.97571      -   2.0 4516s
 474892 467850 5522.00215   73    9          - 5513.97571      -   2.0 4525s
 475596 468558 5551.44792  152    9          - 5513.97571      -   2.0 4535s
 476304 469227 5573.08768  231    9          - 5513.97571      -   2.0 4545s
 476973 469926 5602.63916  303   10          - 5513.97571      -   2.0 4555s
 477672 470634 5619.73083  381   10          - 5513.97571      -   2.0 4566s
 478380 471342 5648.50467  456   10          - 5513.97571      -   2.0 4577s
 479088 472057 5666.17079  532   10          - 5513.97571      -   2.0 4586s
 479803 472787 5685.95555  610    9          - 5513.97571      -   2.1 4597s
 480533 473524 5699.73021  688    9          - 5513.97571      -   2.1 4608s
 481270 474258 5713.92973  761   10          - 5513.97571      -   2.0 4619s
 482004 474976 5736.40172  839   10          - 5513.97571      -   2.0 4629s
 482722 475695 5754.56621  911    9          - 5513.97571      -   2.1 4637s
 483441 476426 5774.18128  979    9          - 5513.97571      -   2.1 4646s
 484172 477142 5791.21185 1056    9          - 5513.97571      -   2.1 4654s
 484888 477860 5804.85908 1131    9          - 5513.97571      -   2.1 4663s
 485606 478583 5835.93327 1205    9          - 5513.97571      -   2.1 4672s
 486329 478714 5863.78172 1287    9          - 5513.97571      -   2.1 4685s
 486460 479453 5863.78172 1288    9          - 5513.97571      -   2.1 4694s
 487199 480176 5884.32869 1363   10          - 5513.97571      -   2.1 4704s
 487922 480907 5916.06322 1426   10          - 5513.97571      -   2.1 4714s
 488653 481652 5932.38202 1489   10          - 5513.97571      -   2.1 4724s
 489398 482396 5943.47665 1564   10          - 5513.97571      -   2.1 4735s
 490142 483132 5971.32683 1633   10          - 5513.97571      -   2.1 4746s
 490878 483859 5986.01327 1690   10          - 5513.97571      -   2.1 4757s
 491605 484591 6028.91086 1748   10          - 5513.97571      -   2.1 4768s
 492337 485318 6064.55009 1812   10          - 5513.97571      -   2.0 4779s
 493064 486053 6114.41884 1882   10          - 5513.97571      -   2.0 4789s
 493799 486677 6124.82632 1956   10          - 5513.97571      -   2.0 4801s
 494423 487328 6228.79831 2015   10          - 5513.97571      -   2.0 4813s
 495074 488027 6370.44674 2075   10          - 5513.97571      -   2.1 4823s
 495773 488756 6481.11340 2153   10          - 5513.97571      -   2.1 4834s
 496502 489487 6735.92357 2214    9          - 5513.97571      -   2.1 4844s
 497233 490177 6893.80174 2296    9          - 5513.97571      -   2.1 4854s
 497923 490840 7146.02968 2359    9          - 5513.97571      -   2.1 4865s
 498586 491538 7311.62425 2429    9          - 5513.97571      -   2.0 4874s
 499284 492215 7668.25011 2479    8          - 5513.97571      -   2.0 4883s
 499961 492879 8353.96506 2537    8          - 5513.97571      -   2.0 4892s
 500625 492918 9335.40611 2597    8          - 5513.97571      -   2.0 4911s
 500664 493597 9335.40611 2599    8          - 5513.97571      -   2.0 4920s
 501343 494265 10001.1835 2638    9          - 5513.97571      -   2.0 4930s
 502011 494946 12346.5879 2692    9          - 5513.97571      -   2.0 4942s
 502692 495631 29845.9308 2749    9          - 5513.97571      -   2.0 4953s
 503409 496327 207957.123 2804    9          - 5513.97571      -   2.0 4964s
 504121 497007 5543.80455  110    9          - 5513.97571      -   2.0 4975s
 504849 497668 5565.15301  192    9          - 5513.97571      -   2.0 4986s
 505554 498371 5598.71151  267    9          - 5513.97571      -   2.0 4997s
 506257 499083 5616.70735  340   10          - 5513.97571      -   2.0 5008s
 506969 499736 5640.06311  419   10          - 5513.97571      -   2.1 5019s
 507622 500458 5658.47169  497    9          - 5513.97571      -   2.1 5031s
 508344 501058 5678.30742  570   10          - 5513.97571      -   2.1 5042s
 508944 501796 5705.35392  637   10          - 5513.97571      -   2.1 5054s
 509682 502535 5714.90662  710    9          - 5513.97571      -   2.1 5065s
 510421 503199 5744.47832  791    9          - 5513.97571      -   2.1 5076s
 511085 503917 5755.12055  856    9          - 5513.97571      -   2.1 5087s
 511803 504648 5790.21971  935    9          - 5513.97571      -   2.1 5097s
 512534 505367 5829.56863 1008    9          - 5513.97571      -   2.1 5109s
 513253 505992 5876.33268 1081    9          - 5513.97571      -   2.1 5121s
 513878 506733 5894.59575 1153    9          - 5513.97571      -   2.1 5132s
 514619 507433 5934.53039 1217    9          - 5513.97571      -   2.1 5142s
 515319 508162 5962.97591 1285   10          - 5513.97571      -   2.1 5153s
 516048 508779 5997.37462 1360   10          - 5513.97571      -   2.1 5164s
 516665 509513 6032.15321 1415   10          - 5513.97571      -   2.1 5175s
 517399 510261 6078.34019 1482   10          - 5513.97571      -   2.1 5188s
 518147 510907 6098.56546 1543    9          - 5513.97571      -   2.1 5200s
 518793 511645 6146.91382 1612   10          - 5513.97571      -   2.1 5211s
 519531 512329 6215.20584 1681   10          - 5513.97571      -   2.1 5222s
 520215 513051 6280.68759 1751   10          - 5513.97571      -   2.1 5233s
 520937 513757 6367.46089 1804    8          - 5513.97571      -   2.1 5244s
 521643 514439 6402.35817 1863    9          - 5513.97571      -   2.1 5255s
 522325 514443 6465.39647 1926    9          - 5513.97571      -   2.1 5279s
 522329 515177 6465.39647 1927    9          - 5513.97571      -   2.1 5290s
 523063 515870 6536.40213 1987    8          - 5513.97571      -   2.1 5301s
 523756 516619 6581.51467 2032    9          - 5513.97571      -   2.1 5314s
 524505 517317 6653.69220 2098    9          - 5513.97571      -   2.1 5326s
 525203 518026 6806.39429 2159    9          - 5513.97571      -   2.1 5339s
 525912 518750 6983.64033 2211    9          - 5513.97571      -   2.1 5352s
 526636 519484 7092.32136 2251    9          - 5513.97571      -   2.1 5365s
 527370 520151 7260.85476 2310    9          - 5513.97571      -   2.1 5377s
 528037 520875 7482.41961 2369    8          - 5513.97571      -   2.1 5388s
 528761 521594 7661.89759 2446    8          - 5513.97571      -   2.1 5399s
 529480 522317 8278.12902 2510    9          - 5513.97571      -   2.1 5411s
 530203 522982 8561.91368 2579    9          - 5513.97571      -   2.1 5422s
 530906 523633 8728.07699 2636    9          - 5513.97571      -   2.1 5432s
 531645 524269 9335.91081 2691    9          - 5513.97571      -   2.1 5443s
 532281 524969 9509.45136 2736    9          - 5513.97571      -   2.1 5453s
 532981 525611 9902.36923 2778    9          - 5513.97571      -   2.1 5464s
 533623 526309 11310.7959 2827    9          - 5513.97571      -   2.1 5474s
 534321 526938 14743.5207 2888    9          - 5513.97571      -   2.1 5485s
 534950 527600 23187.2729 2940    9          - 5513.97571      -   2.1 5496s
 535668 528286 5518.22634   53    9          - 5513.97571      -   2.1 5506s
 536354 529021 5543.80455  130    9          - 5513.97571      -   2.1 5517s
 537089 529699 5565.15301  203    9          - 5513.97571      -   2.1 5527s
 537767 530413 5594.50485  270    9          - 5513.97571      -   2.1 5539s
 538481 531086 5614.29524  340   10          - 5513.97571      -   2.1 5549s
 539154 531821 5625.58384  416    9          - 5513.97571      -   2.1 5560s
 539889 532539 5655.55925  493    9          - 5513.97571      -   2.1 5570s
 540607 533253 5664.33676  562    9          - 5513.97571      -   2.1 5581s
 541321 533963 5685.82990  640    9          - 5513.97571      -   2.1 5593s
 542031 534661 5711.66277  715    9          - 5513.97571      -   2.1 5605s
 542729 535355 5732.85091  793    9          - 5513.97571      -   2.1 5618s
 543423 536073 5751.33753  876    9          - 5513.97571      -   2.1 5631s
 544141 536789 5777.17233  952    9          - 5513.97571      -   2.1 5647s
 544857 536822 5801.55827 1036    9          - 5513.97571      -   2.1 5671s
 544890 537545 5801.55827 1038    9          - 5513.97571      -   2.1 5683s
 545613 538252 5830.25033 1121    9          - 5513.97571      -   2.1 5695s
 546320 538928 5857.17658 1203    9          - 5513.97571      -   2.1 5708s
 546996 539644 5907.62975 1279    9          - 5513.97571      -   2.1 5720s
 547712 540366 5932.92602 1361   10          - 5513.97571      -   2.1 5732s
 548434 541068 5980.25046 1432   10          - 5513.97571      -   2.1 5742s
 549136 541718 6046.05105 1514   10          - 5513.97571      -   2.1 5753s
 549786 542419 6108.18618 1588    9          - 5513.97571      -   2.1 5765s
 550487 543153 6205.73764 1662    9          - 5513.97571      -   2.1 5776s
 551221 543803 6271.98623 1744   10          - 5513.97571      -   2.1 5787s
 551871 544530 6402.10751 1814    9          - 5513.97571      -   2.1 5799s
 552598 545284 6479.86650 1893    9          - 5513.97571      -   2.1 5812s
 553352 545955 6533.85725 1971    9          - 5513.97571      -   2.1 5823s
 554023 546622 6708.18342 2036    9          - 5513.97571      -   2.1 5836s
 554690 547375 7018.46745 2099    9          - 5513.97571      -   2.1 5849s
 555443 548116 7272.87501 2164    9          - 5513.97571      -   2.1 5863s
 556184 548766 7583.72604 2245    9          - 5513.97571      -   2.1 5876s
 556834 549531 7859.97037 2314    9          - 5513.97571      -   2.1 5889s
 557599 550238 8305.53971 2392    9          - 5513.97571      -   2.1 5904s
 558306 550824 9112.94365 2453    9          - 5513.97571      -   2.1 5917s
 558992 551510 9459.80527 2519    9          - 5513.97571      -   2.1 5930s
 559728 552188 14124.9575 2589    9          - 5513.97571      -   2.1 5943s
 560406 552879 102119.738 2660   10          - 5513.97571      -   2.1 5956s
 561141 553525 5522.00215   65    9          - 5513.97571      -   2.1 5969s
 561787 554246 5551.44792  146    9          - 5513.97571      -   2.1 5982s
 562508 554958 5567.09945  224    9          - 5513.97571      -   2.1 5993s
 563220 555692 5602.63916  295   10          - 5513.97571      -   2.1 6005s
 563954 556419 5619.73083  375   10          - 5513.97571      -   2.1 6016s
 564681 556445 5648.50467  453   10          - 5513.97571      -   2.1 6041s
 564707 557193 5648.50467  453   10          - 5513.97571      -   2.1 6055s
 565455 557945 5663.72355  527    9          - 5513.97571      -   2.1 6068s
 566207 558687 5682.73935  607    9          - 5513.97571      -   2.1 6082s
 566949 559436 5698.98912  688    9          - 5513.97571      -   2.1 6094s
 567698 560181 5719.45720  767    9          - 5513.97571      -   2.1 6108s
 568443 560928 5745.69303  839    9          - 5513.97571      -   2.1 6121s
 569190 561663 5759.61562  916   10          - 5513.97571      -   2.1 6135s
 569925 562387 5798.22860  987    9          - 5513.97571      -   2.1 6148s
 570649 563117 5823.99119 1068    9          - 5513.97571      -   2.1 6161s
 571379 563842 5839.38868 1146    9          - 5513.97571      -   2.1 6174s
 572104 564576 5880.37163 1221   10          - 5513.97571      -   2.1 6187s
 572838 565290 5915.15600 1294    9          - 5513.97571      -   2.1 6201s
 573552 566008 5949.27929 1364   10          - 5513.97571      -   2.1 6214s
 574270 566734 5983.53761 1429   10          - 5513.97571      -   2.1 6228s
 574996 567445 6046.05105 1509   10          - 5513.97571      -   2.1 6241s
 575707 568167 6108.18618 1573    9          - 5513.97571      -   2.1 6255s
 576429 568893 6193.29068 1641   10          - 5513.97571      -   2.1 6269s
 577155 569618 6240.80248 1714    9          - 5513.97571      -   2.1 6282s
 577880 570344 6370.64698 1781    8          - 5513.97571      -   2.1 6295s
 578606 571060 6448.59285 1840    9          - 5513.97571      -   2.1 6308s
 579322 571739 6512.12486 1920    9          - 5513.97571      -   2.1 6321s
 580001 572430 6550.82467 1986    8          - 5513.97571      -   2.1 6336s
 580692 573159 6931.93954 2030    9          - 5513.97571      -   2.1 6349s
 581421 573880 7127.51821 2092    9          - 5513.97571      -   2.1 6362s
 582142 574580 7272.87501 2158    9          - 5513.97571      -   2.1 6375s
 582842 575315 7583.72604 2221    9          - 5513.97571      -   2.1 6389s
 583577 576016 7822.29859 2281   10          - 5513.97571      -   2.1 6403s
 584278 576696 8175.62233 2353    9          - 5513.97571      -   2.1 6415s
 584958 577169 8661.11497 2407    9          - 5513.97571      -   2.1 6432s
 585431 577875 9443.01215 2470    9          - 5513.97571      -   2.1 6446s
 586187 578527 13490.3089 2536    9          - 5513.97571      -   2.1 6460s
 586939 579241 16602.0574 2600   10          - 5513.97571      -   2.1 6474s
 587653 579911 260710.103 2665   10          - 5513.97571      -   2.1 6488s
 588373 580590 5524.98466   83    9          - 5513.97571      -   2.1 6502s
 589052 581294 5551.44792  163    9          - 5513.97571      -   2.1 6516s
 589756 581990 5580.21060  238    9          - 5513.97571      -   2.1 6531s
 590452 582706 5602.63916  314   10          - 5513.97571      -   2.1 6545s
 591168 583426 5624.68555  386   10          - 5513.97571      -   2.1 6560s
 591888 584145 5651.64737  462    9          - 5513.97571      -   2.1 6576s
 592607 584878 5663.72355  539    9          - 5513.97571      -   2.1 6592s
 593340 585040 5682.73935  619    9          - 5513.97571      -   2.1 6624s
 593502 585798 5694.72438  686    9          - 5513.97571      -   2.1 6640s
 594260 586549 5719.45720  763    9          - 5513.97571      -   2.1 6656s
 595011 587296 5745.69303  836    9          - 5513.97571      -   2.1 6671s
 595758 588047 5759.61562  914   10          - 5513.97571      -   2.1 6684s
 596509 588796 5798.22860  986    9          - 5513.97571      -   2.1 6698s
 597258 589530 5819.09801 1071    9          - 5513.97571      -   2.1 6712s
 597992 590256 5839.38868 1150    9          - 5513.97571      -   2.1 6726s
 598718 590979 5880.37163 1226   10          - 5513.97571      -   2.1 6740s
 599441 591712 5911.45486 1301    9          - 5513.97571      -   2.1 6752s
 600174 592443 5943.91601 1374    9          - 5513.97571      -   2.1 6765s
 600905 593163 5983.53761 1437   10          - 5513.97571      -   2.1 6779s
 601625 593877 6046.05105 1512   10          - 5513.97571      -   2.1 6791s
 602339 594599 6108.18618 1574    9          - 5513.97571      -   2.1 6805s
 603061 595318 6193.29068 1651   10          - 5513.97571      -   2.1 6820s
 603780 596043 6240.80248 1717    9          - 5513.97571      -   2.1 6835s
 604505 596773 6355.43809 1785    9          - 5513.97571      -   2.1 6851s
 605235 597504 6427.92178 1852    8          - 5513.97571      -   2.1 6867s
 605966 598224 6512.12486 1925    9          - 5513.97571      -   2.1 6880s
 606686 598945 6550.82467 1992    8          - 5513.97571      -   2.1 6893s
 607407 599671 6708.18342 2042    9          - 5513.97571      -   2.1 6907s
 608133 600397 7127.51821 2104    9          - 5513.97571      -   2.1 6921s
 608859 601122 7272.87501 2157    9          - 5513.97571      -   2.1 6935s
 609584 601846 7547.55626 2233   10          - 5513.97571      -   2.1 6949s
 610308 602575 7822.29859 2286   10          - 5513.97571      -   2.1 6964s
 611037 603306 8175.62233 2357    9          - 5513.97571      -   2.1 6978s
 611768 604032 8679.99604 2411   10          - 5513.97571      -   2.1 6993s
 612494 604758 9406.48911 2483    9          - 5513.97571      -   2.1 7010s
 613220 605444 12311.9489 2545    9          - 5513.97571      -   2.1 7025s
 613950 605780 16602.0574 2588   10          - 5513.97571      -   2.1 7051s
 614292 606389 260710.103 2649   10          - 5513.97571      -   2.1 7067s
 615051 607088 5524.98466   65    9          - 5513.97571      -   2.1 7082s
 615750 607789 5551.44792  147    9          - 5513.97571      -   2.1 7097s
 616451 608458 5580.21060  222    9          - 5513.97571      -   2.1 7111s
 617120 609174 5602.63916  298   10          - 5513.97571      -   2.1 7125s
 617836 609888 5619.73083  376   10          - 5513.97571      -   2.1 7140s
 618550 610604 5648.50467  452   10          - 5513.97571      -   2.1 7154s
 619266 611329 5663.07006  529   10          - 5513.97571      -   2.1 7169s
 619991 612056 5682.73935  602    9          - 5513.97571      -   2.1 7184s
 620718 612793 5698.98912  679    9          - 5513.97571      -   2.1 7199s
 621455 613526 5719.45720  758    9          - 5513.97571      -   2.1 7215s
 622188 614213 5745.69303  828    9          - 5513.97571      -   2.1 7229s
 622875 614932 5759.61562  900   10          - 5513.97571      -   2.1 7243s
 623594 615559 5830.65356  974    9          - 5513.97571      -   2.1 7259s
 624221 616290 5867.29778 1047    9          - 5513.97571      -   2.1 7273s
 624952 616936 5909.75762 1119    9          - 5513.97571      -   2.1 7287s
 625598 617665 5936.33641 1184    9          - 5513.97571      -   2.1 7302s
 626327 618321 5985.89088 1266    9          - 5513.97571      -   2.1 7317s
 626983 619030 6044.37030 1329    9          - 5513.97571      -   2.1 7333s
 627692 619142 6106.77769 1399   10          - 5513.97571      -   2.1 7367s
 627804 619893 6106.77769 1400   10          - 5513.97571      -   2.1 7383s
 628555 620528 6172.34661 1477   10          - 5513.97571      -   2.1 7399s
 629190 621265 6207.03870 1540   10          - 5513.97571      -   2.1 7416s
 629927 622012 6253.00858 1609    9          - 5513.97571      -   2.1 7433s
 630674 622725 6294.48915 1664   10          - 5513.97571      -   2.1 7450s
 631387 623414 6376.88467 1726    9          - 5513.97571      -   2.1 7468s
 632076 624158 6410.93137 1801    9          - 5513.97571      -   2.1 7483s
 632820 624786 6563.22382 1868    9          - 5513.97571      -   2.1 7498s
 633448 625541 6586.99974 1930    9          - 5513.97571      -   2.1 7515s
 634203 626254 6660.27264 1992    9          - 5513.97571      -   2.1 7532s
 634916 626966 6802.86903 2053    9          - 5513.97571      -   2.1 7549s
 635628 627689 6868.09219 2120    8          - 5513.97571      -   2.1 7567s
 636351 628362 7090.78774 2176    9          - 5513.97571      -   2.1 7585s
 637024 629106 7388.13984 2244    9          - 5513.97571      -   2.1 7603s
 637768 629776 7543.93514 2312    9          - 5513.97571      -   2.1 7621s
 638438 630499 7823.26917 2378    8          - 5513.97571      -   2.1 7638s
 639161 631209 8533.18779 2433    9          - 5513.97571      -   2.1 7654s
 639871 631946 9313.96131 2489    9          - 5513.97571      -   2.1 7673s
 640630 632629 10347.6154 2525    9          - 5513.97571      -   2.1 7689s
 641313 633291 12110.6138 2577    9          - 5513.97571      -   2.1 7705s
 641975 633873 139300.265 2633    9          - 5513.97571      -   2.1 7721s
 642707 634584 5533.67288   90    9          - 5513.97571      -   2.1 7734s
 643418 635165 5560.05009  171    9          - 5513.97571      -   2.1 7750s
 643999 635886 5573.08768  233    9          - 5513.97571      -   2.1 7766s
 644720 636618 5606.26411  310    9          - 5513.97571      -   2.1 7783s
 645452 637278 5617.37127  390    9          - 5513.97571      -   2.1 7800s
 646112 638013 5627.86104  459    9          - 5513.97571      -   2.1 7815s
 646847 638665 5654.29365  536    9          - 5513.97571      -   2.1 7832s
 647499 639138 5671.06220  609   10          - 5513.97571      -   2.1 7858s
 647972 639878 5678.40302  604   10          - 5513.97571      -   2.1 7876s
 648712 640581 5695.44779  676   10          - 5513.97571      -   2.1 7894s
 649415 641327 5726.78182  749   10          - 5513.97571      -   2.1 7910s
 650161 642059 5761.87158  829    9          - 5513.97571      -   2.1 7926s
 650893 642769 5775.39991  897    9          - 5513.97571      -   2.1 7945s
 651603 643479 5794.23607  977   10          - 5513.97571      -   2.1 7964s
 652313 644222 5813.31252 1056   10          - 5513.97571      -   2.1 7984s
 653056 644953 5869.02144 1128   10          - 5513.97571      -   2.1 8004s
 653787 645695 5904.51830 1200   10          - 5513.97571      -   2.1 8024s
 654529 646427 5930.19211 1278   10          - 5513.97571      -   2.1 8044s
 655261 647171 5943.74756 1335   10          - 5513.97571      -   2.1 8063s
 656005 647277 5998.89942 1401    9          - 5513.97571      -   2.1 8103s
 656111 648000 5998.89942 1402    9          - 5513.97571      -   2.1 8121s
 656834 648747 6042.41745 1480   10          - 5513.97571      -   2.1 8140s
 657581 649488 6098.93262 1542   10          - 5513.97571      -   2.1 8158s
 658322 650237 6174.03364 1619    9          - 5513.97571      -   2.1 8173s
 659071 650990 6233.22440 1695   10          - 5513.97571      -   2.1 8189s
 659824 651714 6257.54305 1766   10          - 5513.97571      -   2.1 8206s
 660548 652435 6286.11141 1844    9          - 5513.97571      -   2.1 8224s
 661269 653154 6356.48943 1921    9          - 5513.97571      -   2.1 8242s
 661988 653883 6522.35722 1992    8          - 5513.97571      -   2.1 8260s
 662717 654593 6681.59186 2062    9          - 5513.97571      -   2.1 8277s
 663427 655303 6952.87170 2128    9          - 5513.97571      -   2.1 8294s
 664137 655992 7268.33914 2168    9          - 5513.97571      -   2.1 8311s
 664826 656681 8285.04639 2249    9          - 5513.97571      -   2.1 8329s
 665515 657298 9816.02778 2314    9          - 5513.97571      -   2.1 8346s
 666178 657898 11887.4077 2377   10          - 5513.97571      -   2.1 8365s
 666872 658583 36214.8473 2433    8          - 5513.97571      -   2.1 8380s
 667599 659265 5538.08278   93    9          - 5513.97571      -   2.1 8396s
 668281 659937 5563.35783  174    9          - 5513.97571      -   2.1 8411s
 668953 660659 5585.51082  256    9          - 5513.97571      -   2.1 8427s
 669675 661348 5609.11375  332    9          - 5513.97571      -   2.1 8443s
 670364 662055 5625.17835  406   10          - 5513.97571      -   2.1 8460s
 671071 662778 5643.67756  487   10          - 5513.97571      -   2.1 8477s
 671794 663469 5659.11288  567    9          - 5513.97571      -   2.1 8493s
 672485 664159 5689.16581  639   10          - 5513.97571      -   2.1 8508s
 673175 664891 5701.63704  706   10          - 5513.97571      -   2.1 8525s
 673907 665634 5748.05379  782   10          - 5513.97571      -   2.1 8543s
 674650 666334 5768.72780  845    9          - 5513.97571      -   2.1 8560s
 675350 667064 5780.75026  917    9          - 5513.97571      -   2.1 8576s
 676080 667784 5826.73376  997    9          - 5513.97571      -   2.1 8594s
 676800 667877 5882.47387 1068   10          - 5513.97571      -   2.1 8627s
 676893 668607 5882.47387 1069   10          - 5513.97571      -   2.1 8645s
 677623 669331 5927.51769 1147    9          - 5513.97571      -   2.1 8663s
 678347 670035 5970.47524 1218    8          - 5513.97571      -   2.1 8680s
 679051 670788 6015.43709 1299   10          - 5513.97571      -   2.1 8697s
 679804 671519 6107.31799 1365    9          - 5513.97571      -   2.1 8715s
 680535 672212 6158.15201 1441    9          - 5513.97571      -   2.1 8734s
 681228 672962 6182.98321 1518   10          - 5513.97571      -   2.1 8751s
 681978 673715 6282.19025 1580    9          - 5513.97571      -   2.1 8769s
 682731 674457 6365.09244 1646   10          - 5513.97571      -   2.1 8789s
 683473 675170 6476.99351 1705    9          - 5513.97571      -   2.1 8808s
 684186 675916 6728.33353 1779    9          - 5513.97571      -   2.1 8827s
 684932 676665 6839.73861 1844    9          - 5513.97571      -   2.1 8847s
 685681 677376 6923.35248 1914    9          - 5513.97571      -   2.1 8868s
 686392 678098 7078.10218 1983    9          - 5513.97571      -   2.1 8888s
 687114 678835 7458.24811 2046    9          - 5513.97571      -   2.1 8909s
 687851 679532 7750.34371 2110    9          - 5513.97571      -   2.1 8929s
 688548 680207 8242.17545 2167    9          - 5513.97571      -   2.1 8950s
 689223 680913 8641.68853 2235    9          - 5513.97571      -   2.1 8970s
 689929 681636 10064.3296 2300    8          - 5513.97571      -   2.1 8990s
 690652 682333 12095.1464 2357    7          - 5513.97571      -   2.1 9010s
 691349 682973 16023.7822 2423    7          - 5513.97571      -   2.1 9031s
 692103 683654 64831.6827 2470    9          - 5513.97571      -   2.1 9052s
 692854 684350 5538.08278   99    9          - 5513.97571      -   2.1 9072s
 693550 685057 5563.35783  173    9          - 5513.97571      -   2.1 9090s
 694257 685764 5585.51082  249    9          - 5513.97571      -   2.1 9108s
 694964 686475 5609.11375  319    9          - 5513.97571      -   2.1 9128s
 695675 687186 5623.47717  396   10          - 5513.97571      -   2.1 9148s
 696386 687900 5637.11151  472    9          - 5513.97571      -   2.1 9168s
 697100 688614 5658.08525  549   10          - 5513.97571      -   2.1 9189s
 697814 689313 5682.42145  621   10          - 5513.97571      -   2.1 9210s
 698513 689319 5707.54667  695    9          - 5513.97571      -   2.1 9267s
 698519 690033 5707.54667  696    9          - 5513.97571      -   2.1 9287s
 699233 690757 5758.46293  772    8          - 5513.97571      -   2.1 9305s
 699957 691485 5778.99532  845    9          - 5513.97571      -   2.1 9321s
 700685 692197 5810.63114  918    9          - 5513.97571      -   2.1 9338s
 701397 692901 5861.54849 1000    9          - 5513.97571      -   2.1 9354s
 702101 693619 5908.22516 1075   10          - 5513.97571      -   2.1 9371s
 702819 694332 5935.59169 1153   10          - 5513.97571      -   2.1 9387s
 703532 695046 5977.19801 1224   10          - 5513.97571      -   2.1 9404s
 704246 695757 6039.27161 1306    9          - 5513.97571      -   2.1 9421s
 704957 696480 6081.10240 1367   10          - 5513.97571      -   2.1 9438s
 705680 697205 6111.75412 1440    9          - 5513.97571      -   2.1 9455s
 706405 697930 6148.93070 1517    9          - 5513.97571      -   2.1 9472s
 707130 698636 6255.27035 1586   10          - 5513.97571      -   2.1 9489s
 707836 699360 6316.48575 1656    9          - 5513.97571      -   2.1 9507s
 708560 700074 6344.52574 1722    9          - 5513.97571      -   2.1 9524s
 709274 700792 6468.55232 1788    9          - 5513.97571      -   2.1 9540s
 709992 701520 6522.73971 1866    9          - 5513.97571      -   2.1 9556s
 710720 702244 6598.25500 1940    8          - 5513.97571      -   2.1 9572s
 711444 702971 6771.45671 2017    8          - 5513.97571      -   2.1 9587s
 712171 703702 6936.78271 2091   10          - 5513.97571      -   2.1 9603s
 712902 704417 7402.84283 2160    9          - 5513.97571      -   2.1 9618s
 713617 705141 7884.95349 2233    9          - 5513.97571      -   2.1 9634s
 714341 705864 11251.9397 2295    9          - 5513.97571      -   2.1 9649s
 715064 706563 29282.1825 2366    9          - 5513.97571      -   2.1 9665s
 715795 707212 5533.67288   86    9          - 5513.97571      -   2.1 9681s
 716508 707903 5563.35783  160    9          - 5513.97571      -   2.1 9696s
 717199 708584 5585.51082  241    9          - 5513.97571      -   2.1 9711s
 717880 709276 5609.11375  312    9          - 5513.97571      -   2.1 9726s
 718572 709970 5623.47717  388   10          - 5513.97571      -   2.1 9742s
 719266 710669 5635.97460  462    9          - 5513.97571      -   2.1 9757s
 719965 711369 5653.21010  537   10          - 5513.97571      -   2.1 9774s
 720665 712066 5682.42145  602   10          - 5513.97571      -   2.1 9791s
 721362 712768 5706.42731  680   10          - 5513.97571      -   2.1 9807s
 722064 713465 5745.91275  753   10          - 5513.97571      -   2.1 9824s
 722761 714171 5764.76286  826    8          - 5513.97571      -   2.1 9841s
 723467 714177 5785.45234  891    8          - 5513.97571      -   2.1 9885s
 723473 714895 5785.45234  892    8          - 5513.97571      -   2.1 9902s
 724191 715607 5859.96727  966    9          - 5513.97571      -   2.1 9919s
 724903 716310 5889.01797 1039    9          - 5513.97571      -   2.1 9936s
 725606 717017 5926.64595 1119   10          - 5513.97571      -   2.1 9953s
 726313 717728 5958.85790 1187   10          - 5513.97571      -   2.1 9969s
 727024 718440 6036.41190 1260    8          - 5513.97571      -   2.1 9986s
 727736 719147 6049.97399 1322   10          - 5513.97571      -   2.1 10001s
 728443 719860 6083.23944 1393   10          - 5513.97571      -   2.1 10019s
 729156 720576 6121.94280 1447    9          - 5513.97571      -   2.1 10036s
 729872 721295 6155.78904 1527    9          - 5513.97571      -   2.1 10053s
 730591 722008 6192.26970 1587    9          - 5513.97571      -   2.1 10069s
 731304 722717 6314.51825 1647   10          - 5513.97571      -   2.1 10086s
 732013 723435 6344.52574 1708    9          - 5513.97571      -   2.1 10102s
 732731 724146 6445.40692 1762    9          - 5513.97571      -   2.1 10119s
 733442 724864 6480.41963 1823    9          - 5513.97571      -   2.1 10135s
 734160 725586 6569.92697 1903    9          - 5513.97571      -   2.1 10151s
 734882 726308 6606.53674 1969    9          - 5513.97571      -   2.1 10168s
 735604 727032 6804.28699 2036    9          - 5513.97571      -   2.1 10185s
 736328 727757 6982.62780 2107    8          - 5513.97571      -   2.1 10201s
 737053 728484 7409.98032 2171    9          - 5513.97571      -   2.1 10218s
 737780 729205 7884.95349 2241    9          - 5513.97571      -   2.1 10234s
 738501 729930 11251.9397 2295    9          - 5513.97571      -   2.1 10251s
 739226 730593 24137.4406 2363    9          - 5513.97571      -   2.1 10267s
 739953 731274 5538.08278   88    9          - 5513.97571      -   2.1 10284s
 740654 731935 5563.35783  164    9          - 5513.97571      -   2.1 10302s
 741359 732610 5585.51082  240    9          - 5513.97571      -   2.1 10317s
 742034 733304 5606.26411  314    9          - 5513.97571      -   2.1 10334s
 742728 733990 5619.50520  390    9          - 5513.97571      -   2.1 10351s
 743414 734690 5635.97460  463    9          - 5513.97571      -   2.1 10368s
 744114 735385 5653.21010  538   10          - 5513.97571      -   2.1 10385s
 744809 736081 5680.94466  611   10          - 5513.97571      -   2.1 10402s
 745505 736781 5706.42731  677   10          - 5513.97571      -   2.1 10419s
 746205 737474 5745.91275  750   10          - 5513.97571      -   2.1 10436s
 746898 738181 5761.56907  829    9          - 5513.97571      -   2.1 10454s
 747605 738893 5782.85134  896    9          - 5513.97571      -   2.1 10472s
 748317 739600 5858.75447  970    9          - 5513.97571      -   2.1 10489s
 749024 740301 5876.03716 1041   10          - 5513.97571      -   2.1 10507s
 749725 741009 5925.76586 1119   10          - 5513.97571      -   2.1 10525s
 750433 741062 5947.01056 1187   10          - 5513.97571      -   2.1 10567s
 750486 741777 5942.22135 1195   10          - 5513.97571      -   2.1 10584s
 751201 742495 6030.70849 1262    9          - 5513.97571      -   2.1 10600s
 751919 743209 6045.05197 1329   10          - 5513.97571      -   2.1 10616s
 752633 743929 6083.23944 1397   10          - 5513.97571      -   2.1 10633s
 753353 744652 6115.80916 1456    9          - 5513.97571      -   2.1 10651s
 754076 745376 6155.78904 1525    9          - 5513.97571      -   2.1 10668s
 754800 746094 6255.27035 1588   10          - 5513.97571      -   2.1 10686s
 755518 746811 6314.51825 1647   10          - 5513.97571      -   2.1 10703s
 756235 747528 6344.52574 1714    9          - 5513.97571      -   2.1 10721s
 756952 748245 6410.45188 1773    9          - 5513.97571      -   2.1 10738s
 757669 748967 6475.35564 1834    9          - 5513.97571      -   2.1 10755s
 758391 749692 6569.92697 1908    9          - 5513.97571      -   2.1 10772s
 759116 750418 6606.53674 1973    9          - 5513.97571      -   2.1 10789s
 759842 751147 6804.28699 2044    9          - 5513.97571      -   2.1 10806s
 760571 751875 6950.61513 2118    9          - 5513.97571      -   2.1 10824s
 761299 752605 7409.98032 2175    9          - 5513.97571      -   2.1 10842s
 762029 753329 7884.95349 2248    9          - 5513.97571      -   2.1 10860s
 762753 754056 15998.6190 2302    9          - 5513.97571      -   2.1 10878s
 763480 754726 24137.4406 2375    9          - 5513.97571      -   2.1 10896s
 764214 755402 5533.67288   93    9          - 5513.97571      -   2.1 10914s
 764922 756072 5560.05009  171    9          - 5513.97571      -   2.1 10932s
 765624 756750 5580.21060  248    9          - 5513.97571      -   2.1 10949s
 766302 757445 5609.11375  318    9          - 5513.97571      -   2.1 10967s
 766997 758132 5619.50520  394    9          - 5513.97571      -   2.1 10984s
 767684 758832 5635.97460  466    9          - 5513.97571      -   2.1 11002s
 768384 759528 5653.21010  541   10          - 5513.97571      -   2.1 11020s
 769080 760227 5680.94466  611   10          - 5513.97571      -   2.1 11039s
 769779 760927 5706.42731  682   10          - 5513.97571      -   2.1 11058s
 770479 761623 5742.87996  762    9          - 5513.97571      -   2.1 11076s
 771175 762331 5761.56907  834    9          - 5513.97571      -   2.1 11095s
 771883 763043 5782.85134  902    9          - 5513.97571      -   2.1 11115s
 772595 763750 5858.75447  976    9          - 5513.97571      -   2.1 11134s
 773302 763833 5876.03716 1047   10          - 5513.97571      -   2.1 11175s
 773385 764550 5876.03716 1049   10          - 5513.97571      -   2.1 11192s
 774102 765270 5926.64595 1123   10          - 5513.97571      -   2.1 11209s
 774822 765989 5947.01056 1199   10          - 5513.97571      -   2.1 11227s
 775541 766708 6030.70849 1273    9          - 5513.97571      -   2.1 11245s
 776260 767427 6049.97399 1336   10          - 5513.97571      -   2.1 11262s
 776979 768148 6083.23944 1403   10          - 5513.97571      -   2.1 11280s
 777700 768873 6115.80916 1466    9          - 5513.97571      -   2.1 11297s
 778425 769598 6155.78904 1536    9          - 5513.97571      -   2.1 11315s
 779150 770317 6192.26970 1601    9          - 5513.97571      -   2.1 11333s
 779869 771037 6314.51825 1661   10          - 5513.97571      -   2.1 11350s
 780589 771756 6344.52574 1723    9          - 5513.97571      -   2.1 11367s
 781308 772474 6410.45188 1785    9          - 5513.97571      -   2.1 11385s
 782026 773195 6475.35564 1846    9          - 5513.97571      -   2.1 11403s
 782747 773922 6569.92697 1920    9          - 5513.97571      -   2.1 11422s
 783474 774648 6606.53674 1987    9          - 5513.97571      -   2.1 11441s
 784200 775379 6804.28699 2054    9          - 5513.97571      -   2.1 11460s
 784931 776106 6982.62780 2126    8          - 5513.97571      -   2.1 11479s
 785658 776837 7409.98032 2190    9          - 5513.97571      -   2.1 11500s
 786389 777562 7884.95349 2261    9          - 5513.97571      -   2.1 11520s
 787114 778288 11251.9397 2315    9          - 5513.97571      -   2.1 11539s
 787840 778957 29282.1825 2379    9          - 5513.97571      -   2.1 11558s
 788573 779634 5524.98466   75    9          - 5513.97571      -   2.1 11577s
 789282 780301 5551.44792  153    9          - 5513.97571      -   2.1 11597s
 789981 780982 5573.08768  230    9          - 5513.97571      -   2.1 11614s
 790662 781678 5599.37691  305    9          - 5513.97571      -   2.1 11634s
 791358 782369 5617.37127  377    9          - 5513.97571      -   2.1 11655s
 792049 783068 5635.97460  445    9          - 5513.97571      -   2.1 11675s
wandb: Network error (ConnectTimeout), entering retry loop.
 792748 783766 5649.55097  526    9          - 5513.97571      -   2.1 11695s
 793446 784466 5679.22735  595   10          - 5513.97571      -   2.1 11716s
 794146 785165 5704.41804  667    9          - 5513.97571      -   2.1 11734s
 794845 785861 5742.87996  739    9          - 5513.97571      -   2.1 11753s
 795541 785867 5761.56907  811    9          - 5513.97571      -   2.1 11803s
 795547 786579 5760.46920  818    9          - 5513.97571      -   2.1 11821s
 796259 787296 5782.16443  886    9          - 5513.97571      -   2.1 11837s
 796976 788007 5842.79408  961    9          - 5513.97571      -   2.1 11854s
 797687 788708 5876.03716 1028   10          - 5513.97571      -   2.1 11871s
 798388 789418 5925.76586 1106   10          - 5513.97571      -   2.1 11887s
 799098 790127 5942.22135 1181   10          - 5513.97571      -   2.1 11904s
 799807 790839 6020.34839 1253    8          - 5513.97571      -   2.1 11921s
 800519 791545 6045.05197 1316   10          - 5513.97571      -   2.1 11941s
 801225 792257 6081.10240 1380   10          - 5513.97571      -   2.1 11960s
 801937 792974 6111.75412 1441    9          - 5513.97571      -   2.1 11981s
 802654 793695 6148.93070 1510    9          - 5513.97571      -   2.1 12002s
 803375 794403 6192.26970 1574    9          - 5513.97571      -   2.1 12023s
 804083 795116 6278.75309 1638    9          - 5513.97571      -   2.1 12044s
 804796 795829 6335.53919 1703    9          - 5513.97571      -   2.1 12064s
 805509 796542 6410.45188 1748    9          - 5513.97571      -   2.1 12084s
 806222 797258 6475.35564 1815    9          - 5513.97571      -   2.1 12106s
 806938 797978 6547.91940 1888    8          - 5513.97571      -   2.1 12128s
 807658 798699 6600.75121 1951    8          - 5513.97571      -   2.1 12150s
 808379 799424 6771.45671 2030    8          - 5513.97571      -   2.1 12172s
 809104 800148 6936.78271 2096   10          - 5513.97571      -   2.1 12193s
 809828 800874 7402.84283 2161    9          - 5513.97571      -   2.1 12215s
 810554 801599 7740.60398 2225    9          - 5513.97571      -   2.1 12237s
 811279 802322 9966.18934 2287   10          - 5513.97571      -   2.1 12257s
 812002 802983 16960.7298 2357    9          - 5513.97571      -   2.1 12280s
 812727 803667 5522.00215   50    9          - 5513.97571      -   2.1 12300s
 813443 804331 5547.19531  129    9          - 5513.97571      -   2.1 12321s
 814139 805009 5567.09945  204    9          - 5513.97571      -   2.1 12343s
 814817 805701 5598.71151  280    9          - 5513.97571      -   2.1 12365s
 815509 806390 5614.36550  356    9          - 5513.97571      -   2.1 12386s
 816198 807089 5625.17835  430   10          - 5513.97571      -   2.1 12406s
 816897 807785 5643.67756  505   10          - 5513.97571      -   2.1 12427s
 817593 808484 5659.11288  580    9          - 5513.97571      -   2.1 12449s
 818292 809180 5689.93185  644   10          - 5513.97571      -   2.1 12470s
 818988 809873 5717.44950  720    9          - 5513.97571      -   2.1 12491s
 819681 810581 5759.69177  791    9          - 5513.97571      -   2.1 12512s
 820389 811291 5778.99532  865    9          - 5513.97571      -   2.1 12533s
 821099 811999 5801.69631  938    9          - 5513.97571      -   2.2 12555s
 821807 812004 5861.54849 1011    9          - 5513.97571      -   2.2 12607s
 821812 812707 5862.89901 1005   10          - 5513.97571      -   2.2 12628s
 822515 813415 5908.22516 1083   10          - 5513.97571      -   2.2 12649s
 823223 814122 5935.59169 1157   10          - 5513.97571      -   2.2 12671s
 823930 814831 5962.55914 1231   10          - 5513.97571      -   2.2 12691s
 824639 815537 6039.27161 1303    9          - 5513.97571      -   2.2 12712s
 825345 816246 6078.64645 1354   10          - 5513.97571      -   2.2 12733s
 826054 816960 6109.08909 1425    9          - 5513.97571      -   2.2 12754s
 826768 817679 6128.35243 1490    9          - 5513.97571      -   2.2 12776s
 827487 818387 6159.06259 1567    9          - 5513.97571      -   2.2 12796s
 828195 819101 6267.05937 1621    9          - 5513.97571      -   2.2 12818s
 828909 819813 6323.02018 1687   10          - 5513.97571      -   2.2 12840s
 829621 820527 6344.52574 1732    9          - 5513.97571      -   2.2 12860s
 830335 821240 6452.01985 1796    9          - 5513.97571      -   2.2 12882s
 831048 821958 6520.34008 1864    9          - 5513.97571      -   2.2 12903s
 831766 822682 6598.25500 1928    8          - 5513.97571      -   2.2 12923s
 832490 823406 6648.39054 2000    9          - 5513.97571      -   2.2 12944s
 833214 824127 6804.84666 2073    9          - 5513.97571      -   2.2 12965s
 833935 824855 7109.76209 2139    8          - 5513.97571      -   2.2 12986s
 834663 825580 7617.92141 2202    9          - 5513.97571      -   2.2 13008s
 835388 826299 8261.21146 2266    9          - 5513.97571      -   2.2 13031s
 836107 827018 16760.6063 2327    9          - 5513.97571      -   2.2 13053s
 836826 827681 282193.999 2399    9          - 5513.97571      -   2.2 13077s
 837553 828318 5538.08278  102    9          - 5513.97571      -   2.2 13100s
 838254 829004 5563.35783  178    9          - 5513.97571      -   2.2 13122s
 838940 829689 5585.51082  254    9          - 5513.97571      -   2.2 13143s
 839625 830376 5609.11375  326    9          - 5513.97571      -   2.2 13165s
 840312 831070 5623.47717  398   10          - 5513.97571      -   2.2 13188s
 841006 831763 5637.11151  471    9          - 5513.97571      -   2.2 13212s
 841699 832466 5658.08525  546   10          - 5513.97571      -   2.2 13234s
 842402 833158 5680.94466  622   10          - 5513.97571      -   2.2 13256s
 843094 833857 5706.42731  693   10          - 5513.97571      -   2.2 13280s
 843793 834557 5745.91275  766   10          - 5513.97571      -   2.2 13303s
 844493 835262 5764.76286  838    8          - 5513.97571      -   2.2 13327s
 845198 835972 5782.85134  910    9          - 5513.97571      -   2.2 13351s
 845908 836679 5858.75447  984    9          - 5513.97571      -   2.2 13375s
 846615 837381 5889.01797 1050    9          - 5513.97571      -   2.2 13399s
 847317 838083 5926.64595 1129   10          - 5513.97571      -   2.2 13422s
 848019 838427 5947.01056 1203   10          - 5513.97571      -   2.2 13462s
 848363 839152 5947.01056 1203   10          - 5513.97571      -   2.2 13485s
 849088 839883 6030.70849 1279    9          - 5513.97571      -   2.2 13510s
 849819 840613 6045.05197 1343   10          - 5513.97571      -   2.2 13532s
 850549 841345 6083.23944 1410   10          - 5513.97571      -   2.2 13556s
 851281 842081 6121.94280 1468    9          - 5513.97571      -   2.2 13581s
 852017 842809 6155.78904 1548    9          - 5513.97571      -   2.2 13603s
 852745 843529 6255.27035 1604   10          - 5513.97571      -   2.2 13627s
 853465 844262 6314.51825 1672   10          - 5513.97571      -   2.2 13646s
 854198 844987 6384.97405 1717    9          - 5513.97571      -   2.2 13668s
 854923 845708 6445.40692 1785    9          - 5513.97571      -   2.2 13688s
 855644 846447 6520.34008 1847    9          - 5513.97571      -   2.2 13710s
 856383 847180 6589.83537 1922    9          - 5513.97571      -   2.2 13730s
 857116 847909 6638.64338 1996    9          - 5513.97571      -   2.2 13751s
 857845 848647 6804.84666 2067    9          - 5513.97571      -   2.2 13771s
 858583 849380 7109.76209 2137    8          - 5513.97571      -   2.2 13792s
 859316 850116 7502.92858 2202    9          - 5513.97571      -   2.2 13813s
 860052 850838 8259.70259 2266    9          - 5513.97571      -   2.2 13834s
 860774 851558 15998.6190 2328    9          - 5513.97571      -   2.2 13855s
 861504 852181 282193.999 2388    9          - 5513.97571      -   2.2 13876s
 862245 852190 5538.08278  111    9          - 5513.97571      -   2.2 13926s
 862254 852874 5543.80455  108    9          - 5513.97571      -   2.2 13944s
 862938 853570 5565.15301  184    9          - 5513.97571      -   2.2 13962s
 863634 854261 5594.50485  261    9          - 5513.97571      -   2.2 13981s
 864325 854966 5609.11375  338    9          - 5513.97571      -   2.2 14000s
 865030 855663 5625.17835  408   10          - 5513.97571      -   2.2 14019s
 865727 856370 5643.67756  483   10          - 5513.97571      -   2.2 14039s
 866434 857074 5658.08525  564   10          - 5513.97571      -   2.2 14058s
 867138 857770 5682.42145  635   10          - 5513.97571      -   2.2 14078s
 867834 858475 5707.54667  706    9          - 5513.97571      -   2.2 14097s
 868539 859186 5758.46293  779    8          - 5513.97571      -   2.2 14117s
 869250 859903 5772.51491  854    8          - 5513.97571      -   2.2 14137s
 869967 860618 5801.69631  920    9          - 5513.97571      -   2.2 14156s
 870682 861319 5861.54849  993    9          - 5513.97571      -   2.2 14176s
 871383 862027 5908.22516 1065   10          - 5513.97571      -   2.2 14196s
 872091 862743 5930.59104 1146    9          - 5513.97571      -   2.2 14217s
 872807 863447 5958.85790 1220   10          - 5513.97571      -   2.2 14237s
 873511 864157 6039.27161 1286    9          - 5513.97571      -   2.2 14258s
 874221 864866 6049.97399 1354   10          - 5513.97571      -   2.2 14278s
 874930 865584 6090.56169 1411   10          - 5513.97571      -   2.2 14299s
 875648 866304 6121.94280 1480    9          - 5513.97571      -   2.2 14320s
 876368 867015 6159.06259 1551    9          - 5513.97571      -   2.2 14341s
 877079 867724 6255.27035 1611   10          - 5513.97571      -   2.2 14362s
 877788 868443 6316.48575 1673    9          - 5513.97571      -   2.2 14383s
 878507 869155 6384.97405 1717    9          - 5513.97571      -   2.2 14405s
 879219 869866 6445.40692 1786    9          - 5513.97571      -   2.2 14428s
 879930 870593 6520.34008 1847    9          - 5513.97571      -   2.2 14451s
 880657 871316 6581.98232 1928    8          - 5513.97571      -   2.2 14473s
 881380 872037 6638.64338 1994    9          - 5513.97571      -   2.2 14494s
 882101 872766 6804.84666 2057    9          - 5513.97571      -   2.2 14515s
 882830 873490 7109.76209 2130    8          - 5513.97571      -   2.2 14536s
 883554 874218 7502.92858 2195    9          - 5513.97571      -   2.2 14557s
 884282 874934 8259.70259 2259    9          - 5513.97571      -   2.2 14578s
 884998 875656 15998.6190 2320    9          - 5513.97571      -   2.2 14599s
 885720 876266 282193.999 2383    9          - 5513.97571      -   2.2 14623s
 886458 876271 5538.08278   95    9          - 5513.97571      -   2.2 14675s
 886463 876950 5533.67288   99    9          - 5513.97571      -   2.2 14695s
 887142 877637 5560.05009  176    9          - 5513.97571      -   2.2 14715s
 887829 878319 5580.21060  253    9          - 5513.97571      -   2.2 14735s
 888511 879020 5606.26411  323    9          - 5513.97571      -   2.2 14756s
 889212 879709 5619.50520  399    9          - 5513.97571      -   2.2 14777s
 889901 880410 5635.97460  472    9          - 5513.97571      -   2.2 14798s
 890602 881114 5653.21010  548   10          - 5513.97571      -   2.2 14820s
 891306 881805 5680.94466  618   10          - 5513.97571      -   2.2 14841s
 891997 882504 5704.41804  694    9          - 5513.97571      -   2.2 14862s
 892696 883207 5745.91275  761   10          - 5513.97571      -   2.2 14884s
 893399 883920 5761.56907  840    9          - 5513.97571      -   2.2 14905s
 894112 884633 5782.85134  908    9          - 5513.97571      -   2.2 14926s
 894825 885333 5858.75447  982    9          - 5513.97571      -   2.2 14947s
 895525 886033 5876.03716 1055   10          - 5513.97571      -   2.2 14968s
 896225 886749 5926.64595 1125   10          - 5513.97571      -   2.2 14991s
 896941 887452 5947.01056 1205   10          - 5513.97571      -   2.2 15013s
 897644 888160 6030.70849 1271    9          - 5513.97571      -   2.2 15035s
 898352 888868 6045.05197 1336   10          - 5513.97571      -   2.2 15058s
 899060 889580 6081.10240 1403   10          - 5513.97571      -   2.2 15080s
 899772 890299 6115.80916 1459    9          - 5513.97571      -   2.2 15103s
 900491 891016 6148.93070 1536    9          - 5513.97571      -   2.2 15126s
 901208 891715 6192.26970 1594    9          - 5513.97571      -   2.2 15148s
 901907 892434 6278.75309 1657    9          - 5513.97571      -   2.2 15170s
 902626 893145 6335.53919 1722    9          - 5513.97571      -   2.2 15195s
 903337 893855 6410.45188 1772    9          - 5513.97571      -   2.2 15218s
 904047 894577 6475.35564 1836    9          - 5513.97571      -   2.2 15241s
 904769 895301 6569.92697 1903    9          - 5513.97571      -   2.2 15263s
 905493 896018 6600.75121 1976    8          - 5513.97571      -   2.2 15286s
 906210 896746 6786.05179 2048    8          - 5513.97571      -   2.2 15308s
 906938 897469 6950.61513 2111    9          - 5513.97571      -   2.2 15331s
 907661 898194 7402.84283 2177    9          - 5513.97571      -   2.2 15353s
 908386 898915 7884.95349 2240    9          - 5513.97571      -   2.2 15377s
 909107 899633 9966.18934 2309   10          - 5513.97571      -   2.2 15400s
